localisation\russian\bookmarks_l_russian.yml
localisation\russian\factions_l_russian.yml
localisation\russian\military_industrial_organization_l_russian.yml
localisation\russian\military_raids_l_russian.yml
localisation\russian\music_l_russian.yml
localisation\russian\special_projects_l_russian.yml
localisation\russian\technology_sharing_l_russian.yml
localisation\russian\unit_medals_l_russian.yml
localisation\russian\KR_common\00 Commonly Used l_russian.yml
localisation\russian\KR_common\00 Main l_russian.yml
localisation\russian\KR_common\00 Map Modes l_russian.yml
localisation\russian\KR_common\00 Political l_russian.yml
localisation\russian\KR_common\01 Belgrade pact l_russian.yml
localisation\russian\KR_common\01 Intermarium l_russian.yml
localisation\russian\KR_common\02 American Civil War l_russian.yml
localisation\russian\KR_common\03 Caribbean l_russian.yml
localisation\russian\KR_common\03 China l_russian.yml
localisation\russian\KR_common\03 Federalist China l_russian.yml
localisation\russian\KR_common\03 India l_russian.yml
localisation\russian\KR_common\03 KMT Generic Unification l_russian.yml
localisation\russian\KR_common\Achievements l_russian.yml
localisation\russian\KR_common\Advisor Traits l_russian.yml
localisation\russian\KR_common\Alerts l_russian.yml
localisation\russian\KR_common\Annexations l_russian.yml
localisation\russian\KR_common\Battleplan codenames l_russian.yml
localisation\russian\KR_common\Equip Air l_russian.yml
localisation\russian\KR_common\Equip Naval l_russian.yml
localisation\russian\KR_common\Equip Tanks l_russian.yml
localisation\russian\KR_common\Equipment l_russian.yml
localisation\russian\KR_common\Events l_russian.yml
localisation\russian\KR_common\Game Rules l_russian.yml
localisation\russian\KR_common\Military_industrial_organization_l_russian.yml
localisation\russian\KR_common\Models Warning Events l_russian.yml
localisation\russian\KR_common\World News l_russian.yml
localisation\russian\KR_common\division namelists l_russian.yml
localisation\russian\KR_common\nsb ideas l_russian.yml
localisation\russian\KR_country_specific\ACC - American Constitutional Coalition l_russian.yml
localisation\russian\KR_country_specific\AFG - Afghanistan l_russian.yml
localisation\russian\KR_country_specific\ALB - Albania l_russian.yml
localisation\russian\KR_country_specific\ALG - Algeria l_russian.yml
localisation\russian\KR_country_specific\ANQ - Anqing Clique l_russian.yml
localisation\russian\KR_country_specific\APG - American Peoples Government l_russian.yml
localisation\russian\KR_country_specific\ARG - Argentina l_russian.yml
localisation\russian\KR_country_specific\ARG - Argentinian flavour l_russian.yml
localisation\russian\KR_country_specific\ARM - Armenia l_russian.yml
localisation\russian\KR_country_specific\AST - Australasia l_russian.yml
localisation\russian\KR_country_specific\ASY - Assyria l_russian.yml
localisation\russian\KR_country_specific\AUS - Austria l_russian.yml
localisation\russian\KR_country_specific\AZR - Azerbaijan l_russian.yml
localisation\russian\KR_country_specific\BAH - Bahia l_russian.yml
localisation\russian\KR_country_specific\BAS - Euskadi l_russian.yml
localisation\russian\KR_country_specific\BAT - United Baltic Duchy l_russian.yml
localisation\russian\KR_country_specific\BAY - Bavaria l_russian.yml
localisation\russian\KR_country_specific\BEL - Belgium l_russian.yml
localisation\russian\KR_country_specific\BHU - Bhutan l_russian.yml
localisation\russian\KR_country_specific\BLR - White Ruthenia l_russian.yml
localisation\russian\KR_country_specific\BNG - Bengal l_russian.yml
localisation\russian\KR_country_specific\BOL - Bolivia l_russian.yml
localisation\russian\KR_country_specific\BOS - Bosnia l_russian.yml
localisation\russian\KR_country_specific\BRA - Brazil l_russian.yml
localisation\russian\KR_country_specific\BRM - Burma l_russian.yml
localisation\russian\KR_country_specific\BUK - Bukhara l_russian.yml
localisation\russian\KR_country_specific\BUL - Bulgaria l_russian.yml
localisation\russian\KR_country_specific\CAN - Canada l_russian.yml
localisation\russian\KR_country_specific\CAR - Ubangi-Shari l_russian.yml
localisation\russian\KR_country_specific\CAT - Catalonia l_russian.yml
localisation\russian\KR_country_specific\CEN - Central America l_russian.yml
localisation\russian\KR_country_specific\CEY - Ceylon l_russian.yml
localisation\russian\KR_country_specific\CHI - Left Kuomintang l_russian.yml
localisation\russian\KR_country_specific\CHL - Chile l_russian.yml
localisation\russian\KR_country_specific\COG - Congo l_russian.yml
localisation\russian\KR_country_specific\COL - Colombia l_russian.yml
localisation\russian\KR_country_specific\COS - Costa Rica l_russian.yml
localisation\russian\KR_country_specific\CRO - Croatia l_russian.yml
localisation\russian\KR_country_specific\CUB - Cuba l_russian.yml
localisation\russian\KR_country_specific\CYP - Cyprus l_russian.yml
localisation\russian\KR_country_specific\CZE - Bohemia l_russian.yml
localisation\russian\KR_country_specific\DAH - Dahomey l_russian.yml
localisation\russian\KR_country_specific\DEI - Dutch East Indies l_russian.yml
localisation\russian\KR_country_specific\DEN - Denmark l_russian.yml
localisation\russian\KR_country_specific\DOM - Dominican Republic l_russian.yml
localisation\russian\KR_country_specific\ECU - Ecuador l_russian.yml
localisation\russian\KR_country_specific\EGY - Egypt l_russian.yml
localisation\russian\KR_country_specific\ELS - El Salvador l_russian.yml
localisation\russian\KR_country_specific\EMI - Modena-Parma l_russian.yml
localisation\russian\KR_country_specific\ENG - Union of Britain l_russian.yml
localisation\russian\KR_country_specific\EQG - Equatorial Guinea l_russian.yml
localisation\russian\KR_country_specific\EST - Estonia l_russian.yml
localisation\russian\KR_country_specific\ETH - Ethiopia l_russian.yml
localisation\russian\KR_country_specific\ETS - East Turkestan l_russian.yml
localisation\russian\KR_country_specific\FER - Far_Eastern_Army l_russian.yml
localisation\russian\KR_country_specific\FIN - Finland l_russian.yml
localisation\russian\KR_country_specific\FLA - Flanders l_russian.yml
localisation\russian\KR_country_specific\FNG - Fengtian l_russian.yml
localisation\russian\KR_country_specific\FOP - Patagonia l_russian.yml
localisation\russian\KR_country_specific\FRA - Commune of France l_russian.yml
localisation\russian\KR_country_specific\FRP - Puppet France l_russian.yml
localisation\russian\KR_country_specific\GAB - Gabon l_russian.yml
localisation\russian\KR_country_specific\GAL - Galicia l_russian.yml
localisation\russian\KR_country_specific\GBR - United Kingdom l_russian.yml
localisation\russian\KR_country_specific\GEA - Germany East Asia l_russian.yml
localisation\russian\KR_country_specific\GEO - Georgia l_russian.yml
localisation\russian\KR_country_specific\GER - Germany l_russian.yml
localisation\russian\KR_country_specific\GNB - Guinea-Bissau l_russian.yml
localisation\russian\KR_country_specific\GOY - Goyaz l_russian.yml
localisation\russian\KR_country_specific\GRE - Greece l_russian.yml
localisation\russian\KR_country_specific\GRU - German Republic l_russian.yml
localisation\russian\KR_country_specific\GUA - Guatemala l_russian.yml
localisation\russian\KR_country_specific\GXC - Liangguang l_russian.yml
localisation\russian\KR_country_specific\HAI - Haiti l_russian.yml
localisation\russian\KR_country_specific\HAW - Hawaii l_russian.yml
localisation\russian\KR_country_specific\HEJ - Hejaz l_russian.yml
localisation\russian\KR_country_specific\HND - Bharatiya Peoples Republic l_russian.yml
localisation\russian\KR_country_specific\HNN - Hunan l_russian.yml
localisation\russian\KR_country_specific\HOL - Netherlands l_russian.yml
localisation\russian\KR_country_specific\HON - Honduras l_russian.yml
localisation\russian\KR_country_specific\HUN - Hungary l_russian.yml
localisation\russian\KR_country_specific\HYD - Hyderabad l_russian.yml
localisation\russian\KR_country_specific\ICE - Iceland l_russian.yml
localisation\russian\KR_country_specific\INC - Indochinese Union l_russian.yml
localisation\russian\KR_country_specific\INS - Indonesia l_russian.yml
localisation\russian\KR_country_specific\IRE - Ireland l_russian.yml
localisation\russian\KR_country_specific\IRQ - Iraq l_russian.yml
localisation\russian\KR_country_specific\ITA - Republic of Italy l_russian.yml
localisation\russian\KR_country_specific\JAP - Japan l_russian.yml
localisation\russian\KR_country_specific\JBS - Jabal Shammar l_russian.yml
localisation\russian\KR_country_specific\KAZ - Kazakhstan l_russian.yml
localisation\russian\KR_country_specific\KDR - Anatolian Kurdistan l_russian.yml
localisation\russian\KR_country_specific\KHI - Khiva l_russian.yml
localisation\russian\KR_country_specific\KOR - Korea l_russian.yml
localisation\russian\KR_country_specific\KTG - Katanga l_russian.yml
localisation\russian\KR_country_specific\KUM - Kumul Khanate l_russian.yml
localisation\russian\KR_country_specific\LAT - Latvia l_russian.yml
localisation\russian\KR_country_specific\LBA - Cyrenaica l_russian.yml
localisation\russian\KR_country_specific\LEB - Lebanon l_russian.yml
localisation\russian\KR_country_specific\LEC - Legation Cities l_russian.yml
localisation\russian\KR_country_specific\LEP - League of Eight Provinces l_russian.yml
localisation\russian\KR_country_specific\LIB - Liberia l_russian.yml
localisation\russian\KR_country_specific\LIT - Lithuania l_russian.yml
localisation\russian\KR_country_specific\LOM - Lombardy l_russian.yml
localisation\russian\KR_country_specific\MAF - Mittelafrika l_russian.yml
localisation\russian\KR_country_specific\MAF.SWA - South West Africa l_russian.yml
localisation\russian\KR_country_specific\MAL - Malaya l_russian.yml
localisation\russian\KR_country_specific\MAN - Manchuria l_russian.yml
localisation\russian\KR_country_specific\MDR - Madras l_russian.yml
localisation\russian\KR_country_specific\MEX - Mexico l_russian.yml
localisation\russian\KR_country_specific\MIT - Mitteleuropa l_russian.yml
localisation\russian\KR_country_specific\MNR - Mountain Republic l_russian.yml
localisation\russian\KR_country_specific\MNT - Montenegro l_russian.yml
localisation\russian\KR_country_specific\MON - Mongolia l_russian.yml
localisation\russian\KR_country_specific\MOR - Morocco l_russian.yml
localisation\russian\KR_country_specific\MYS - Mysore l_russian.yml
localisation\russian\KR_country_specific\NAT - Natal l_russian.yml
localisation\russian\KR_country_specific\NEE - New England l_russian.yml
localisation\russian\KR_country_specific\NEP - Nepal l_russian.yml
localisation\russian\KR_country_specific\NFA - NatFrance l_russian.yml
localisation\russian\KR_country_specific\NGF - North German Federation l_russian.yml
localisation\russian\KR_country_specific\NIC - Nicaragua l_russian.yml
localisation\russian\KR_country_specific\NMB - Namibia l_russian.yml
localisation\russian\KR_country_specific\NOR - Norway l_russian.yml
localisation\russian\KR_country_specific\NZL - New Zealand l_russian.yml
localisation\russian\KR_country_specific\OMA - Oman l_russian.yml
localisation\russian\KR_country_specific\PAN - Panama l_russian.yml
localisation\russian\KR_country_specific\PAP - Papal State l_russian.yml
localisation\russian\KR_country_specific\PAR - Paraguay l_russian.yml
localisation\russian\KR_country_specific\PER - Persia l_russian.yml
localisation\russian\KR_country_specific\PHI - Philippines l_russian.yml
localisation\russian\KR_country_specific\PJB - Punjab l_russian.yml
localisation\russian\KR_country_specific\POL - Poland l_russian.yml
localisation\russian\KR_country_specific\POR - Portugal in Exile l_russian.yml
localisation\russian\KR_country_specific\POR - Portugal l_russian.yml
localisation\russian\KR_country_specific\PRE - Prussia l_russian.yml
localisation\russian\KR_country_specific\PRF - Princely Federation l_russian.yml
localisation\russian\KR_country_specific\PRU - Peru l_russian.yml
localisation\russian\KR_country_specific\PUE - Puerto Rico l_russian.yml
localisation\russian\KR_country_specific\QIE - Qing l_russian.yml
localisation\russian\KR_country_specific\QUE - Quebec l_russian.yml
localisation\russian\KR_country_specific\RAJ - Dominion of India l_russian.yml
localisation\russian\KR_country_specific\RHI - Rhineland l_russian.yml
localisation\russian\KR_country_specific\ROM - Romania l_russian.yml
localisation\russian\KR_country_specific\RSA - Free Russian Army l_russian.yml
localisation\russian\KR_country_specific\RUS - Russia l_russian.yml
localisation\russian\KR_country_specific\SAF - South Africa l_russian.yml
localisation\russian\KR_country_specific\SAR - Sarawak l_russian.yml
localisation\russian\KR_country_specific\SAU - Najd l_russian.yml
localisation\russian\KR_country_specific\SCA - Scandinavia l_russian.yml
localisation\russian\KR_country_specific\SER - Serbia l_russian.yml
localisation\russian\KR_country_specific\SHA - Shan Confederacy l_russian.yml
localisation\russian\KR_country_specific\SHD - Shandong l_russian.yml
localisation\russian\KR_country_specific\SHX - Shanxi l_russian.yml
localisation\russian\KR_country_specific\SIA - Siam l_russian.yml
localisation\russian\KR_country_specific\SIC - Two Sicilies l_russian.yml
localisation\russian\KR_country_specific\SIK - Xinjiang l_russian.yml
localisation\russian\KR_country_specific\SLV - Slovenia l_russian.yml
localisation\russian\KR_country_specific\SOM - Somalia l_russian.yml
localisation\russian\KR_country_specific\SPA - Spain l_russian.yml
localisation\russian\KR_country_specific\SPO - Sao Paulo l_russian.yml
localisation\russian\KR_country_specific\SPR - Spain Carlist l_russian.yml
localisation\russian\KR_country_specific\SRD - Sardinia l_russian.yml
localisation\russian\KR_country_specific\SRI - Socialist Republic of Italy l_russian.yml
localisation\russian\KR_country_specific\SUR - Suriname l_russian.yml
localisation\russian\KR_country_specific\SWE - Sweden l_russian.yml
localisation\russian\KR_country_specific\SWF - Spain FAI l_russian.yml
localisation\russian\KR_country_specific\SWI - Switzerland l_russian.yml
localisation\russian\KR_country_specific\SYR - Syria l_russian.yml
localisation\russian\KR_country_specific\SZC - Sichuan l_russian.yml
localisation\russian\KR_country_specific\TAI - Taiwan l_russian.yml
localisation\russian\KR_country_specific\TIB - Tibet l_russian.yml
localisation\russian\KR_country_specific\TRK - Turkestan l_russian.yml
localisation\russian\KR_country_specific\TRU - Trucial States l_russian.yml
localisation\russian\KR_country_specific\TUN - Tunisia l_russian.yml
localisation\russian\KR_country_specific\TUR - Ottoman l_russian.yml
localisation\russian\KR_country_specific\TUR - Turkey l_russian.yml
localisation\russian\KR_country_specific\TUS - Tuscany l_russian.yml
localisation\russian\KR_country_specific\UKR - Ukraine l_russian.yml
localisation\russian\KR_country_specific\URG - Uruguay l_russian.yml
localisation\russian\KR_country_specific\USA - United States l_russian.yml
localisation\russian\KR_country_specific\VCR - Vera Cruz l_russian.yml
localisation\russian\KR_country_specific\VEN - Venezuela l_russian.yml
localisation\russian\KR_country_specific\VNC - Venice l_russian.yml
localisation\russian\KR_country_specific\VOL - Haute-Volta l_russian.yml
localisation\russian\KR_country_specific\WAL - Wallonia l_russian.yml
localisation\russian\KR_country_specific\WCA - Workers Congress of America l_russian.yml
localisation\russian\KR_country_specific\WIF - West Indies l_russian.yml
localisation\russian\KR_country_specific\XSM - Ma Clique l_russian.yml
localisation\russian\KR_country_specific\YEM - Yemen l_russian.yml
localisation\russian\KR_country_specific\YUC - Yucatan l_russian.yml
localisation\russian\KR_country_specific\YUN - Yunnan l_russian.yml
localisation\russian\KR_country_specific\ZIM - Rhodesia l_russian.yml
